#
# A fatal error has been detected by the Java Runtime Environment:
#
#  EXCEPTION_ACCESS_VIOLATION (0xc0000005) at pc=0x00007ffb2f418cdd, pid=13488, tid=0x0000000000000f50
#
# JRE version: Java(TM) SE Runtime Environment (8.0_92-b14) (build 1.8.0_92-b14)
# Java VM: Java HotSpot(TM) 64-Bit Server VM (25.92-b14 mixed mode windows-amd64 compressed oops)
# Problematic frame:
# C  [ig75icd64.dll+0x598cdd]
#
# Failed to write core dump. Minidumps are not enabled by default on client versions of Windows
#
# If you would like to submit a bug report, please visit:
#   http://bugreport.java.com/bugreport/crash.jsp
# The crash happened outside the Java Virtual Machine in native code.
# See problematic frame for where to report the bug.
#

---------------  T H R E A D  ---------------

Current thread (0x000000000316e800):  JavaThread "main" [_thread_in_native, id=3920, stack(0x0000000002e00000,0x0000000002f00000)]

siginfo: ExceptionCode=0xc0000005, reading address 0x00000000639aa040

Registers:
RAX=0x0000000000100200, RBX=0x0000000000001000, RCX=0x0000000000003000, RDX=0x0000000000002000
RSP=0x0000000002efe350, RBP=0x0000000002efe450, RSI=0x0000000002efe550, RDI=0x00000000639a9040
R8 =0x0000000061bf4000, R9 =0x00000000639aa040, R10=0x00000000fffffe08, R11=0x00000000639a9040
R12=0x000000000000003f, R13=0x000000000000003f, R14=0x00000000639a9050, R15=0x0000000061af4000
RIP=0x00007ffb2f418cdd, EFLAGS=0x0000000000010206

Top of Stack: (sp=0x0000000002efe350)
0x0000000002efe350:   0000000000000000 000000000000000c
0x0000000002efe360:   0000000000000020 0000000000000029
0x0000000002efe370:   0000000000000000 c0bd91bb6958e8f3
0x0000000002efe380:   0000040000100000 0000100000000100
0x0000000002efe390:   0000000400000010 0000000000000000
0x0000000002efe3a0:   0000000002efe550 0000000000000030
0x0000000002efe3b0:   0000000000001000 0000000002efe4e0
0x0000000002efe3c0:   0000000000000004 00000000638a9040
0x0000000002efe3d0:   0000003f00000001 0000000000020000
0x0000000002efe3e0:   0000000000004000 0000000200160018
0x0000000002efe3f0:   0000000000000000 0000000061af4000
0x0000000002efe400:   fffffe0f00000000 00007ffbfffffe0e
0x0000000002efe410:   00000002fffffe0c 0000000000000007
0x0000000002efe420:   00000000fffffe08 0000000000da0cc0
0x0000000002efe430:   00007ffb2f91ba08 0000000002efe5a0
0x0000000002efe440:   00000000fffffe00 00007ffb2f41fd10 

Instructions: (pc=0x00007ffb2f418cdd)
0x00007ffb2f418cbd:   10 48 d3 eb 41 8b cd 48 d3 ea 48 33 da 83 e3 40
0x00007ffb2f418ccd:   4c 33 c3 48 63 5e 08 8d 0c 1b 48 63 d1 8d 0c 5b
0x00007ffb2f418cdd:   f3 42 0f 6f 54 33 f0 f3 42 0f 6f 4c 32 f0 48 63
0x00007ffb2f418ced:   d1 f3 42 0f 6f 44 32 f0 66 41 0f e7 18 66 41 0f 


Register to memory mapping:

RAX=0x0000000000100200 is an unknown value
RBX=0x0000000000001000 is an unknown value
RCX=0x0000000000003000 is an unknown value
RDX=0x0000000000002000 is an unknown value
RSP=0x0000000002efe350 is pointing into the stack for thread: 0x000000000316e800
RBP=0x0000000002efe450 is pointing into the stack for thread: 0x000000000316e800
RSI=0x0000000002efe550 is pointing into the stack for thread: 0x000000000316e800
RDI=0x00000000639a9040 is an unknown value
R8 =0x0000000061bf4000 is an unknown value
R9 =0x00000000639aa040 is an unknown value
R10=0x00000000fffffe08 is an unknown value
R11=0x00000000639a9040 is an unknown value
R12=0x000000000000003f is an unknown value
R13=0x000000000000003f is an unknown value
R14=0x00000000639a9050 is an unknown value
R15=0x0000000061af4000 is an unknown value


Stack: [0x0000000002e00000,0x0000000002f00000],  sp=0x0000000002efe350,  free space=1016k
Native frames: (J=compiled Java code, j=interpreted, Vv=VM code, C=native code)
C  [ig75icd64.dll+0x598cdd]
C  [ig75icd64.dll+0x595728]
C  [ig75icd64.dll+0x494f6c]
C  [ig75icd64.dll+0x49861f]
C  [ig75icd64.dll+0x2ec6d9]
C  [ig75icd64.dll+0x2ec417]
C  [ig75icd64.dll+0x8df7e]
C  [ig75icd64.dll+0x96bfc]
C  [ig75icd64.dll+0x9fbc4]
C  [lwjgl.dll+0x3339d]
C  0x0000000003190fec

Java frames: (J=compiled Java code, j=interpreted, Vv=VM code)
j  org.lwjgl.system.JNI.callIIIIIIIIPV(JIIIIIIIIJ)V+0
j  org.lwjgl.opengl.GL11.nglTexImage2D(IIIIIIIIJ)V+24
j  org.lwjgl.opengl.GL11.glTexImage2D(IIIIIIIILjava/nio/ByteBuffer;)V+30
j  com.fhbgds.dndgame.ui.TextTest.initChars(II)Lorg/lwjgl/stb/STBTTBakedChar$Buffer;+72
j  com.fhbgds.dndgame.ui.TextTest.test()V+11
j  com.fhbgds.dndgame.ui.TextTest.draw()V+40
j  com.fhbgds.dndgame.ui.UI.drawElements()V+46
j  com.fhbgds.dndgame.DnDGame.loop()V+148
j  com.fhbgds.dndgame.DnDGame.<init>()V+25
j  com.fhbgds.dndgame.DnDGame.main([Ljava/lang/String;)V+22
v  ~StubRoutines::call_stub

---------------  P R O C E S S  ---------------

Java Threads: ( => current thread )
  0x000000001c634800 JavaThread "Service Thread" daemon [_thread_blocked, id=10452, stack(0x000000001d780000,0x000000001d880000)]
  0x000000001c5ac000 JavaThread "C1 CompilerThread3" daemon [_thread_blocked, id=14740, stack(0x000000001d680000,0x000000001d780000)]
  0x000000001c5aa800 JavaThread "C2 CompilerThread2" daemon [_thread_blocked, id=11492, stack(0x000000001d580000,0x000000001d680000)]
  0x000000001c5a9800 JavaThread "C2 CompilerThread1" daemon [_thread_blocked, id=6572, stack(0x000000001d480000,0x000000001d580000)]
  0x000000001c5a0000 JavaThread "C2 CompilerThread0" daemon [_thread_blocked, id=11436, stack(0x000000001d380000,0x000000001d480000)]
  0x000000001c591000 JavaThread "JDWP Command Reader" daemon [_thread_in_native, id=13968, stack(0x000000001d280000,0x000000001d380000)]
  0x000000001c58e000 JavaThread "JDWP Event Helper Thread" daemon [_thread_blocked, id=7276, stack(0x000000001d180000,0x000000001d280000)]
  0x000000001c581000 JavaThread "JDWP Transport Listener: dt_socket" daemon [_thread_blocked, id=7588, stack(0x000000001d080000,0x000000001d180000)]
  0x000000001c579000 JavaThread "Attach Listener" daemon [_thread_blocked, id=8068, stack(0x000000001cb60000,0x000000001cc60000)]
  0x000000001c578000 JavaThread "Signal Dispatcher" daemon [_thread_blocked, id=7092, stack(0x000000001ca60000,0x000000001cb60000)]
  0x000000001c570800 JavaThread "Finalizer" daemon [_thread_blocked, id=12852, stack(0x000000001c950000,0x000000001ca50000)]
  0x0000000003068000 JavaThread "Reference Handler" daemon [_thread_blocked, id=14632, stack(0x000000001c450000,0x000000001c550000)]
=>0x000000000316e800 JavaThread "main" [_thread_in_native, id=3920, stack(0x0000000002e00000,0x0000000002f00000)]

Other Threads:
  0x000000001a677800 VMThread [stack: 0x000000001c350000,0x000000001c450000] [id=9832]
  0x000000001c637800 WatcherThread [stack: 0x000000001d880000,0x000000001d980000] [id=2576]

VM state:not at safepoint (normal execution)

VM Mutex/Monitor currently owned by a thread: None

Heap:
 PSYoungGen      total 57344K, used 15915K [0x0000000780700000, 0x0000000784700000, 0x00000007c0000000)
  eden space 49152K, 32% used [0x0000000780700000,0x000000078168ac98,0x0000000783700000)
  from space 8192K, 0% used [0x0000000783f00000,0x0000000783f00000,0x0000000784700000)
  to   space 8192K, 0% used [0x0000000783700000,0x0000000783700000,0x0000000783f00000)
 ParOldGen       total 131072K, used 0K [0x0000000701400000, 0x0000000709400000, 0x0000000780700000)
  object space 131072K, 0% used [0x0000000701400000,0x0000000701400000,0x0000000709400000)
 Metaspace       used 8721K, capacity 8888K, committed 9088K, reserved 1056768K
  class space    used 760K, capacity 836K, committed 896K, reserved 1048576K

Card table byte_map: [0x0000000012530000,0x0000000012b30000] byte_map_base: 0x000000000ed26000

Marking Bits: (ParMarkBitMap*) 0x0000000071c564f0
 Begin Bits: [0x0000000013730000, 0x00000000166e0000)
 End Bits:   [0x00000000166e0000, 0x0000000019690000)

Polling page: 0x0000000001250000

CodeCache: size=245760Kb used=2530Kb max_used=2530Kb free=243229Kb
 bounds [0x0000000003170000, 0x00000000033f0000, 0x0000000012170000]
 total_blobs=1239 nmethods=535 adapters=625
 compilation: enabled

Compilation events (10 events):
Event: 0.532 Thread 0x000000001c5ac000  531       3       java.util.zip.ZipEntry::setExtra0 (360 bytes)
Event: 0.533 Thread 0x000000001c5ac000 nmethod 531 0x00000000033e3a50 code [0x00000000033e3d00, 0x00000000033e4a88]
Event: 0.533 Thread 0x000000001c5ac000  532       3       java.util.zip.ZipFile$ZipFileInputStream::<init> (41 bytes)
Event: 0.533 Thread 0x000000001c5ac000 nmethod 532 0x00000000033dae90 code [0x00000000033db020, 0x00000000033db3b8]
Event: 0.533 Thread 0x000000001c5ac000  533       3       java.util.zip.ZipFile::access$1100 (5 bytes)
Event: 0.533 Thread 0x000000001c5ac000 nmethod 533 0x00000000033e3690 code [0x00000000033e3800, 0x00000000033e3968]
Event: 0.533 Thread 0x000000001c5ac000  534       3       java.util.zip.ZipFile::access$1200 (5 bytes)
Event: 0.533 Thread 0x000000001c5ac000 nmethod 534 0x00000000033dd150 code [0x00000000033dd2c0, 0x00000000033dd428]
Event: 0.533 Thread 0x000000001c5ac000  535   !   3       java.util.zip.ZipFile::getInputStream (304 bytes)
Event: 0.534 Thread 0x000000001c5ac000 nmethod 535 0x00000000033e7090 code [0x00000000033e7340, 0x00000000033e8798]

GC Heap History (0 events):
No events

Deoptimization events (2 events):
Event: 0.462 Thread 0x000000000316e800 Uncommon trap: reason=unstable_if action=reinterpret pc=0x00000000033b10c0 method=sun.misc.MetaIndex.mayContain(Ljava/lang/String;)Z @ 38
Event: 0.491 Thread 0x000000000316e800 Uncommon trap: reason=unstable_if action=reinterpret pc=0x00000000033da894 method=de.matthiasmann.twl.utils.PNGDecoder.unfilterPaeth([B[B)V @ 149

Internal exceptions (8 events):
Event: 0.022 Thread 0x000000000316e800 Exception <a 'java/lang/NoSuchMethodError': Method sun.misc.Unsafe.defineClass(Ljava/lang/String;[BII)Ljava/lang/Class; name or signature does not match> (0x0000000780707cc0) thrown at [D:\re\workspace\8-2-build-windows-amd64-cygwin\jdk8u92\6642\hotspot\sr^∏ñªõñ?
Event: 0.022 Thread 0x000000000316e800 Exception <a 'java/lang/NoSuchMethodError': Method sun.misc.Unsafe.prefetchRead(Ljava/lang/Object;J)V name or signature does not match> (0x0000000780707fa8) thrown at [D:\re\workspace\8-2-build-windows-amd64-cygwin\jdk8u92\6642\hotspot\src\share\vm\prims\jΩÜ¬êäƒ?
Event: 0.160 Thread 0x000000000316e800 Exception <a 'java/security/PrivilegedActionException'> (0x0000000780a714e8) thrown at [D:\re\workspace\8-2-build-windows-amd64-cygwin\jdk8u92\6642\hotspot\src\share\vm\prims\jvm.cpp, line 1386]
Event: 0.161 Thread 0x000000000316e800 Exception <a 'java/security/PrivilegedActionException'> (0x0000000780a716f8) thrown at [D:\re\workspace\8-2-build-windows-amd64-cygwin\jdk8u92\6642\hotspot\src\share\vm\prims\jvm.cpp, line 1386]
Event: 0.161 Thread 0x000000000316e800 Exception <a 'java/security/PrivilegedActionException'> (0x0000000780a752a0) thrown at [D:\re\workspace\8-2-build-windows-amd64-cygwin\jdk8u92\6642\hotspot\src\share\vm\prims\jvm.cpp, line 1386]
Event: 0.161 Thread 0x000000000316e800 Exception <a 'java/security/PrivilegedActionException'> (0x0000000780a754b0) thrown at [D:\re\workspace\8-2-build-windows-amd64-cygwin\jdk8u92\6642\hotspot\src\share\vm\prims\jvm.cpp, line 1386]
Event: 0.263 Thread 0x000000000316e800 Exception <a 'java/lang/NoSuchFieldError': method resolution failed> (0x0000000780c73b00) thrown at [D:\re\workspace\8-2-build-windows-amd64-cygwin\jdk8u92\6642\hotspot\src\share\vm\prims\methodHandles.cpp, line 1146]
Event: 0.266 Thread 0x000000000316e800 Exception <a 'java/lang/NoSuchFieldError': method resolution failed> (0x0000000780c80e80) thrown at [D:\re\workspace\8-2-build-windows-amd64-cygwin\jdk8u92\6642\hotspot\src\share\vm\prims\methodHandles.cpp, line 1146]

Events (10 events):
Event: 0.533 Thread 0x000000000316e800 DEOPT PACKING pc=0x00000000032bb01c sp=0x0000000002efc580
Event: 0.533 Thread 0x000000000316e800 DEOPT UNPACKING pc=0x00000000031b787f sp=0x0000000002efc3a0 mode 1
Event: 0.533 loading class org/lwjgl/stb/STBRPRect$Buffer
Event: 0.533 loading class org/lwjgl/stb/STBRPRect$Buffer done
Event: 0.533 Thread 0x000000000316e800 DEOPT PACKING pc=0x0000000003360749 sp=0x0000000002efc370
Event: 0.533 Thread 0x000000000316e800 DEOPT UNPACKING pc=0x00000000031b787f sp=0x0000000002efc0c0 mode 1
Event: 0.533 Thread 0x000000000316e800 DEOPT PACKING pc=0x00000000032bb284 sp=0x0000000002efc3f0
Event: 0.533 Thread 0x000000000316e800 DEOPT UNPACKING pc=0x00000000031b787f sp=0x0000000002efc210 mode 1
Event: 0.533 Thread 0x000000000316e800 DEOPT PACKING pc=0x00000000032bb01c sp=0x0000000002efc580
Event: 0.533 Thread 0x000000000316e800 DEOPT UNPACKING pc=0x00000000031b787f sp=0x0000000002efc3a0 mode 1


Dynamic libraries:
0x00007ff7477d0000 - 0x00007ff747807000 	C:\Program Files\Java\jre1.8.0_92\bin\javaw.exe
0x00007ffb76830000 - 0x00007ffb76a01000 	C:\WINDOWS\SYSTEM32\ntdll.dll
0x00007ffb76070000 - 0x00007ffb7611b000 	C:\WINDOWS\System32\KERNEL32.DLL
0x00007ffb73ba0000 - 0x00007ffb73dbd000 	C:\WINDOWS\System32\KERNELBASE.dll
0x00007ffb756a0000 - 0x00007ffb75742000 	C:\WINDOWS\System32\ADVAPI32.dll
0x00007ffb75d60000 - 0x00007ffb75dfe000 	C:\WINDOWS\System32\msvcrt.dll
0x00007ffb76010000 - 0x00007ffb76069000 	C:\WINDOWS\System32\sechost.dll
0x00007ffb75750000 - 0x00007ffb75871000 	C:\WINDOWS\System32\RPCRT4.dll
0x00007ffb766a0000 - 0x00007ffb76805000 	C:\WINDOWS\System32\USER32.dll
0x00007ffb73190000 - 0x00007ffb731ae000 	C:\WINDOWS\System32\win32u.dll
0x00007ffb755f0000 - 0x00007ffb75624000 	C:\WINDOWS\System32\GDI32.dll
0x00007ffb73280000 - 0x00007ffb73402000 	C:\WINDOWS\System32\gdi32full.dll
0x00007ffb68d30000 - 0x00007ffb68fa9000 	C:\WINDOWS\WinSxS\amd64_microsoft.windows.common-controls_6595b64144ccf1df_6.0.14393.0_none_2d0f50fcbdb171b8\COMCTL32.dll
0x00007ffb75980000 - 0x00007ffb75c47000 	C:\WINDOWS\System32\combase.dll
0x00007ffb72dc0000 - 0x00007ffb72eb5000 	C:\WINDOWS\System32\ucrtbase.dll
0x00007ffb731b0000 - 0x00007ffb7321a000 	C:\WINDOWS\System32\bcryptPrimitives.dll
0x00007ffb75cc0000 - 0x00007ffb75cee000 	C:\WINDOWS\System32\IMM32.DLL
0x00000000711b0000 - 0x0000000071282000 	C:\Program Files\Java\jre1.8.0_92\bin\msvcr100.dll
0x0000000071440000 - 0x0000000071cd6000 	C:\Program Files\Java\jre1.8.0_92\bin\server\jvm.dll
0x00007ffb75cf0000 - 0x00007ffb75cf8000 	C:\WINDOWS\System32\PSAPI.DLL
0x00007ffb61690000 - 0x00007ffb61699000 	C:\WINDOWS\SYSTEM32\WSOCK32.dll
0x00007ffb71020000 - 0x00007ffb71043000 	C:\WINDOWS\SYSTEM32\WINMM.dll
0x00007ffb70820000 - 0x00007ffb7082a000 	C:\WINDOWS\SYSTEM32\VERSION.dll
0x00007ffb75fa0000 - 0x00007ffb7600a000 	C:\WINDOWS\System32\WS2_32.dll
0x00007ffb70ea0000 - 0x00007ffb70ecb000 	C:\WINDOWS\SYSTEM32\WINMMBASE.dll
0x00007ffb72ec0000 - 0x00007ffb72f02000 	C:\WINDOWS\System32\cfgmgr32.dll
0x0000000071430000 - 0x000000007143f000 	C:\Program Files\Java\jre1.8.0_92\bin\verify.dll
0x0000000071400000 - 0x0000000071429000 	C:\Program Files\Java\jre1.8.0_92\bin\java.dll
0x0000000071320000 - 0x0000000071355000 	C:\Program Files\Java\jre1.8.0_92\bin\jdwp.dll
0x0000000071310000 - 0x0000000071318000 	C:\Program Files\Java\jre1.8.0_92\bin\npt.dll
0x00000000713e0000 - 0x00000000713f6000 	C:\Program Files\Java\jre1.8.0_92\bin\zip.dll
0x00007ffb73dc0000 - 0x00007ffb752c8000 	C:\WINDOWS\System32\SHELL32.dll
0x00007ffb734c0000 - 0x00007ffb73b9a000 	C:\WINDOWS\System32\windows.storage.dll
0x00007ffb72d60000 - 0x00007ffb72dac000 	C:\WINDOWS\System32\powrprof.dll
0x00007ffb75d00000 - 0x00007ffb75d52000 	C:\WINDOWS\System32\shlwapi.dll
0x00007ffb72db0000 - 0x00007ffb72dbf000 	C:\WINDOWS\System32\kernel.appcore.dll
0x00007ffb73410000 - 0x00007ffb734b9000 	C:\WINDOWS\System32\shcore.dll
0x00007ffb72d40000 - 0x00007ffb72d54000 	C:\WINDOWS\System32\profapi.dll
0x0000000071300000 - 0x0000000071309000 	C:\Program Files\Java\jre1.8.0_92\bin\dt_socket.dll
0x00007ffb5cbd0000 - 0x00007ffb5cbe6000 	C:\WINDOWS\system32\napinsp.dll
0x00007ffb5cbf0000 - 0x00007ffb5cc0a000 	C:\WINDOWS\system32\pnrpnsp.dll
0x00007ffb6da80000 - 0x00007ffb6da98000 	C:\WINDOWS\system32\NLAapi.dll
0x00007ffb72600000 - 0x00007ffb7265c000 	C:\WINDOWS\System32\mswsock.dll
0x00007ffb723d0000 - 0x00007ffb72470000 	C:\WINDOWS\SYSTEM32\DNSAPI.dll
0x00007ffb76690000 - 0x00007ffb76698000 	C:\WINDOWS\System32\NSI.dll
0x00007ffb72390000 - 0x00007ffb723c8000 	C:\WINDOWS\SYSTEM32\IPHLPAPI.DLL
0x00007ffb5cc10000 - 0x00007ffb5cc1e000 	C:\WINDOWS\System32\winrnr.dll
0x00000000744f0000 - 0x0000000074516000 	C:\Program Files\Bonjour\mdnsNSP.dll
0x00007ffb6ec90000 - 0x00007ffb6eca5000 	C:\WINDOWS\System32\wshbth.dll
0x00007ffb67350000 - 0x00007ffb673ba000 	C:\WINDOWS\System32\fwpuclnt.dll
0x00007ffb72bd0000 - 0x00007ffb72bfb000 	C:\WINDOWS\SYSTEM32\bcrypt.dll
0x00007ffb657b0000 - 0x00007ffb657ba000 	C:\Windows\System32\rasadhlp.dll
0x00000000713c0000 - 0x00000000713da000 	C:\Program Files\Java\jre1.8.0_92\bin\net.dll
0x00000000713a0000 - 0x00000000713b1000 	C:\Program Files\Java\jre1.8.0_92\bin\nio.dll
0x00007ffb39c50000 - 0x00007ffb39cd9000 	D:\Projects\DnDGame\DnDGame\lwjgl 3\native\lwjgl.dll
0x00007ffb727a0000 - 0x00007ffb727ab000 	C:\WINDOWS\SYSTEM32\CRYPTBASE.DLL
0x00007ffb53540000 - 0x00007ffb53582000 	D:\Projects\DnDGame\DnDGame\lwjgl 3\native\jemalloc.dll
0x00007ffb4d750000 - 0x00007ffb4d788000 	D:\Projects\DnDGame\DnDGame\lwjgl 3\native\glfw.dll
0x00007ffb71520000 - 0x00007ffb715b5000 	C:\WINDOWS\system32\uxtheme.dll
0x00007ffb708d0000 - 0x00007ffb708f6000 	C:\WINDOWS\SYSTEM32\dwmapi.dll
0x00007ffb58a80000 - 0x00007ffb58ba3000 	C:\WINDOWS\SYSTEM32\opengl32.dll
0x00007ffb66420000 - 0x00007ffb6644d000 	C:\WINDOWS\SYSTEM32\GLU32.dll
0x00007ffb58570000 - 0x00007ffb58667000 	C:\WINDOWS\SYSTEM32\DDRAW.dll
0x00007ffb6feb0000 - 0x00007ffb6feb8000 	C:\WINDOWS\SYSTEM32\DCIMAN32.dll
0x00007ffb75370000 - 0x00007ffb754cb000 	C:\WINDOWS\System32\MSCTF.dll
0x00007ffb754d0000 - 0x00007ffb7558c000 	C:\WINDOWS\System32\OLEAUT32.dll
0x00007ffb2ee80000 - 0x00007ffb2f9b8000 	C:\WINDOWS\SYSTEM32\ig75icd64.dll
0x00007ffb708b0000 - 0x00007ffb708c3000 	C:\WINDOWS\SYSTEM32\WTSAPI32.dll
0x00007ffb6a010000 - 0x00007ffb6aa43000 	C:\WINDOWS\SYSTEM32\igdusc64.dll
0x00007ffb6fd10000 - 0x00007ffb6fea2000 	C:\WINDOWS\SYSTEM32\dbghelp.dll

VM Arguments:
jvm_args: -agentlib:jdwp=transport=dt_socket,suspend=y,address=localhost:53326 -Djava.library.path=D:\Projects\DnDGame\DnDGame\lwjgl 3\native -Dfile.encoding=Cp1252 
java_command: com.fhbgds.dndgame.DnDGame
java_class_path (initial): D:\Projects\DnDGame\DnDGame\bin;D:\Projects\DnDGame\DnDGame\lwjgl 3\jar\lwjgl.jar;D:\Projects\DnDGame\DnDGame\PNGDecoder.jar
Launcher Type: SUN_STANDARD

Environment Variables:
JAVA_HOME=C:\Program Files\Java\jdk1.8.0_66
PATH=C:/Program Files/Java/jre1.8.0_92/bin/server;C:/Program Files/Java/jre1.8.0_92/bin;C:/Program Files/Java/jre1.8.0_92/lib/amd64;C:\ProgramData\Oracle\Java\javapath;C:\Program Files\NVIDIA GPU Computing Toolkit\CUDA\v7.0\bin;C:\Program Files\NVIDIA GPU Computing Toolkit\CUDA\v7.0\libnvvp;C:\Program Files (x86)\Intel\iCLS Client\;C:\Program Files\Intel\iCLS Client\;C:\Windows\system32;C:\Windows;C:\Windows\System32\Wbem;C:\Windows\System32\WindowsPowerShell\v1.0\;C:\Program Files (x86)\Windows Live\Shared;C:\Program Files\Microsoft SQL Server\110\Tools\Binn\;C:\Program Files (x86)\Microsoft SDKs\TypeScript\1.0\;C:\Program Files\Microsoft SQL Server\120\Tools\Binn\;C:\Program Files (x86)\Skype\Phone\;C:\Program Files (x86)\QuickTime\QTSystem\;C:\Program Files (x86)\OpenSSH\bin;C:\HashiCorp\Vagrant\bin;C:\WINDOWS\system32;C:\WINDOWS;C:\WINDOWS\System32\Wbem;C:\WINDOWS\System32\WindowsPowerShell\v1.0\;C:\Program Files (x86)\NVIDIA Corporation\PhysX\Common;C:\WINDOWS\system32;C:\WINDOWS;C:\WINDOWS\System32\Wbem;C:\WINDOWS\System32\WindowsPowerShell\v1.0\;C:\Program Files\Intel\WiFi\bin\;C:\Program Files\Common Files\Intel\WirelessCommon\;C:\Program Files (x86)\GtkSharp\2.12\bin;C:\Program Files (x86)\Windows Kits\10\Windows Performance Toolkit\;C:\Program Files\Git\cmd;C:\Users\James\Anaconda3;C:\Users\James\Anaconda3\Scripts;C:\Program Files\Intel\WiFi\bin\;C:\Program Files\Common Files\Intel\WirelessCommon\;%USERPROFILE%\AppData\Local\Microsoft\WindowsApps;;C:\Users\James\Desktop\Eclipse\Mars\eclipse;
USERNAME=James
OS=Windows_NT
PROCESSOR_IDENTIFIER=Intel64 Family 6 Model 60 Stepping 3, GenuineIntel



---------------  S Y S T E M  ---------------

OS: Windows 10.0 , 64 bit Build 14393 (10.0.14393.0)

CPU:total 8 (4 cores per cpu, 2 threads per core) family 6 model 60 stepping 3, cmov, cx8, fxsr, mmx, sse, sse2, sse3, ssse3, sse4.1, sse4.2, popcnt, avx, avx2, aes, clmul, erms, lzcnt, ht, tsc, tscinvbit, bmi1, bmi2

Memory: 4k page, physical 12500104k(7510200k free), swap 14400648k(7027760k free)

vm_info: Java HotSpot(TM) 64-Bit Server VM (25.92-b14) for windows-amd64 JRE (1.8.0_92-b14), built on Mar 31 2016 21:03:04 by "java_re" with MS VC++ 10.0 (VS2010)

time: Wed Aug 31 16:08:30 2016
elapsed time: 0 seconds (0d 0h 0m 0s)

