#
# A fatal error has been detected by the Java Runtime Environment:
#
#  EXCEPTION_ACCESS_VIOLATION (0xc0000005) at pc=0x0000000072f7832b, pid=5416, tid=0x0000000000003b08
#
# JRE version: Java(TM) SE Runtime Environment (8.0_92-b14) (build 1.8.0_92-b14)
# Java VM: Java HotSpot(TM) 64-Bit Server VM (25.92-b14 mixed mode windows-amd64 compressed oops)
# Problematic frame:
# V  [jvm.dll+0x14832b]
#
# Failed to write core dump. Minidumps are not enabled by default on client versions of Windows
#
# If you would like to submit a bug report, please visit:
#   http://bugreport.java.com/bugreport/crash.jsp
#

---------------  T H R E A D  ---------------

Current thread (0x000000000128e800):  JavaThread "main" [_thread_in_vm, id=15112, stack(0x00000000029d0000,0x0000000002ad0000)]

siginfo: ExceptionCode=0xc0000005, reading address 0x0000000000000008

Registers:
RAX=0x0000000002acedf8, RBX=0x000000000128ec30, RCX=0x0000000000000000, RDX=0x0000000002acedf0
RSP=0x0000000002aced40, RBP=0x0000000002acee40, RSI=0x0000000000000000, RDI=0x0000000000000000
R8 =0x000000001a0d8c08, R9 =0x0000000000000001, R10=0x00000000735cad50, R11=0x0000000002acefc0
R12=0x000000000128da10, R13=0x000000000128e800, R14=0x0000000002ad2090, R15=0x0000000002acef08
RIP=0x0000000072f7832b, EFLAGS=0x0000000000010246

Top of Stack: (sp=0x0000000002aced40)
0x0000000002aced40:   000000000128e800 0000152800001528
0x0000000002aced50:   0000000000001528 0000000000000000
0x0000000002aced60:   0000000000000000 0000000000000001
0x0000000002aced70:   0000000000000003 0000000000000000
0x0000000002aced80:   0000000000000000 0000000002ad2478
0x0000000002aced90:   0000000002acef38 00000000000003d8
0x0000000002aceda0:   0000000002ad20a0 000000000128e9f8
0x0000000002acedb0:   0000000073420f78 00007ffb766aed2c
0x0000000002acedc0:   0000000000000001 0000000000000000
0x0000000002acedd0:   0000000000000000 0000001100000000
0x0000000002acede0:   0000000000000000 000000000000029e
0x0000000002acedf0:   0000000000000000 000000000128ec30
0x0000000002acee00:   0000000000000048 0000000002acefc0
0x0000000002acee10:   0000000000000000 0000000000000000
0x0000000002acee20:   0000000000000070 ffffffffffffffff
0x0000000002acee30:   0000000000820b76 0000000000000100 

Instructions: (pc=0x0000000072f7832b)
0x0000000072f7830b:   08 48 8b cb e8 0c 93 10 00 48 63 0b 8d 41 01 89
0x0000000072f7831b:   03 48 8b 43 18 48 89 34 c8 eb 05 48 89 7c 24 40
0x0000000072f7832b:   48 8b 56 08 48 8d 4c 24 70 0f b7 42 24 48 8b 52
0x0000000072f7833b:   08 48 8b 54 c2 50 e8 2a cd 0e 00 4c 8d 1d 2b 8c 


Register to memory mapping:

RAX=0x0000000002acedf8 is pointing into the stack for thread: 0x000000000128e800
RBX=0x000000000128ec30 is an unknown value
RCX=0x0000000000000000 is an unknown value
RDX=0x0000000002acedf0 is pointing into the stack for thread: 0x000000000128e800
RSP=0x0000000002aced40 is pointing into the stack for thread: 0x000000000128e800
RBP=0x0000000002acee40 is pointing into the stack for thread: 0x000000000128e800
RSI=0x0000000000000000 is an unknown value
RDI=0x0000000000000000 is an unknown value
R8 =0x000000001a0d8c08 is an unknown value
R9 =0x0000000000000001 is an unknown value
R10=0x00000000735cad50 is an unknown value
R11=0x0000000002acefc0 is pointing into the stack for thread: 0x000000000128e800
R12=0x000000000128da10 is an unknown value
R13=0x000000000128e800 is a thread
R14=0x0000000002ad2090 is an unknown value
R15=0x0000000002acef08 is pointing into the stack for thread: 0x000000000128e800


Stack: [0x00000000029d0000,0x0000000002ad0000],  sp=0x0000000002aced40,  free space=1019k
Native frames: (J=compiled Java code, j=interpreted, Vv=VM code, C=native code)
V  [jvm.dll+0x14832b]
V  [jvm.dll+0x14dcf7]
C  [lwjgl.dll+0x39ef7]
C  [lwjgl.dll+0x3a272]
C  [glfw.dll+0x7824]
C  [USER32.dll+0x11c24]
C  [USER32.dll+0x117bb]
C  [opengl32.dll+0x3a85e]
C  [USER32.dll+0x11c24]
C  [USER32.dll+0x1156c]
C  [glfw.dll+0x60eb]
C  0x0000000002bf0fec

Java frames: (J=compiled Java code, j=interpreted, Vv=VM code)
j  org.lwjgl.system.JNI.invokeV(J)V+0
j  org.lwjgl.glfw.GLFW.glfwPollEvents()V+11
j  com.fhbgds.dndgame.DnDGame.loop()V+94
j  com.fhbgds.dndgame.DnDGame.<init>()V+20
j  com.fhbgds.dndgame.DnDGame.main([Ljava/lang/String;)V+21
v  ~StubRoutines::call_stub

---------------  P R O C E S S  ---------------

Java Threads: ( => current thread )
  0x000000001c092000 JavaThread "Service Thread" daemon [_thread_blocked, id=13208, stack(0x000000001d270000,0x000000001d370000)]
  0x000000001c009000 JavaThread "C1 CompilerThread3" daemon [_thread_blocked, id=1440, stack(0x000000001d170000,0x000000001d270000)]
  0x000000001c007000 JavaThread "C2 CompilerThread2" daemon [_thread_blocked, id=12460, stack(0x000000001d070000,0x000000001d170000)]
  0x000000001c006800 JavaThread "C2 CompilerThread1" daemon [_thread_blocked, id=11072, stack(0x000000001cf70000,0x000000001d070000)]
  0x000000001bffc800 JavaThread "C2 CompilerThread0" daemon [_thread_blocked, id=4840, stack(0x000000001ce70000,0x000000001cf70000)]
  0x000000001bff1800 JavaThread "JDWP Command Reader" daemon [_thread_in_native, id=11192, stack(0x000000001cd70000,0x000000001ce70000)]
  0x000000001bfee800 JavaThread "JDWP Event Helper Thread" daemon [_thread_blocked, id=11248, stack(0x000000001cc70000,0x000000001cd70000)]
  0x000000001bfe4000 JavaThread "JDWP Transport Listener: dt_socket" daemon [_thread_blocked, id=14836, stack(0x000000001cb70000,0x000000001cc70000)]
  0x000000001bfd9800 JavaThread "Attach Listener" daemon [_thread_blocked, id=14036, stack(0x000000001c6a0000,0x000000001c7a0000)]
  0x000000001bfd8800 JavaThread "Signal Dispatcher" daemon [_thread_blocked, id=12292, stack(0x000000001c5a0000,0x000000001c6a0000)]
  0x000000001bfd0800 JavaThread "Finalizer" daemon [_thread_blocked, id=4420, stack(0x000000001c3b0000,0x000000001c4b0000)]
  0x000000001a0dc800 JavaThread "Reference Handler" daemon [_thread_blocked, id=7596, stack(0x000000001beb0000,0x000000001bfb0000)]
=>0x000000000128e800 JavaThread "main" [_thread_in_vm, id=15112, stack(0x00000000029d0000,0x0000000002ad0000)]

Other Threads:
  0x000000001a0d8000 VMThread [stack: 0x000000001bdb0000,0x000000001beb0000] [id=12060]
  0x000000001c099000 WatcherThread [stack: 0x000000001d370000,0x000000001d470000] [id=13684]

VM state:not at safepoint (normal execution)

VM Mutex/Monitor currently owned by a thread: None

Heap:
 PSYoungGen      total 57344K, used 15914K [0x0000000780700000, 0x0000000784700000, 0x00000007c0000000)
  eden space 49152K, 32% used [0x0000000780700000,0x000000078168ab60,0x0000000783700000)
  from space 8192K, 0% used [0x0000000783f00000,0x0000000783f00000,0x0000000784700000)
  to   space 8192K, 0% used [0x0000000783700000,0x0000000783700000,0x0000000783f00000)
 ParOldGen       total 131072K, used 0K [0x0000000701400000, 0x0000000709400000, 0x0000000780700000)
  object space 131072K, 0% used [0x0000000701400000,0x0000000701400000,0x0000000709400000)
 Metaspace       used 8617K, capacity 8830K, committed 9088K, reserved 1056768K
  class space    used 745K, capacity 837K, committed 896K, reserved 1048576K

Card table byte_map: [0x0000000011f90000,0x0000000012590000] byte_map_base: 0x000000000e786000

Marking Bits: (ParMarkBitMap*) 0x00000000736464f0
 Begin Bits: [0x0000000013190000, 0x0000000016140000)
 End Bits:   [0x0000000016140000, 0x00000000190f0000)

Polling page: 0x0000000000d70000

CodeCache: size=245760Kb used=2637Kb max_used=2637Kb free=243122Kb
 bounds [0x0000000002bd0000, 0x0000000002e70000, 0x0000000011bd0000]
 total_blobs=1267 nmethods=583 adapters=605
 compilation: enabled

Compilation events (10 events):
Event: 2.651 Thread 0x000000001c009000  579       3       org.lwjgl.opengl.GL11::glScaled (30 bytes)
Event: 2.651 Thread 0x000000001c009000 nmethod 579 0x0000000002e5ef90 code [0x0000000002e5f1a0, 0x0000000002e5f9e8]
Event: 2.651 Thread 0x000000001c009000  580       3       org.lwjgl.opengl.GL11::glDrawArrays (15 bytes)
Event: 2.652 Thread 0x000000001c009000 nmethod 580 0x0000000002e60050 code [0x0000000002e60240, 0x0000000002e608d8]
Event: 2.664 Thread 0x000000001c009000  581   !   3       java.nio.DirectByteBuffer::<init> (146 bytes)
Event: 2.665 Thread 0x000000001c009000 nmethod 581 0x0000000002e60d50 code [0x0000000002e60fc0, 0x0000000002e62078]
Event: 2.665 Thread 0x000000001c009000  583       3       org.lwjgl.opengl.GLChecks::ensureBufferObject (73 bytes)
Event: 2.665 Thread 0x000000001c009000 nmethod 583 0x0000000002e62990 code [0x0000000002e62ae0, 0x0000000002e62c30]
Event: 2.665 Thread 0x000000001c009000  582       3       org.lwjgl.stb.STBEasyFont::stb_easy_font_print (56 bytes)
Event: 2.666 Thread 0x000000001c009000 nmethod 582 0x0000000002e62cd0 code [0x0000000002e62f00, 0x0000000002e63bf8]

GC Heap History (0 events):
No events

Deoptimization events (1 events):
Event: 0.502 Thread 0x000000000128e800 Uncommon trap: reason=unstable_if action=reinterpret pc=0x0000000002e11c80 method=sun.misc.MetaIndex.mayContain(Ljava/lang/String;)Z @ 38

Internal exceptions (8 events):
Event: 0.022 Thread 0x000000000128e800 Exception <a 'java/lang/NoSuchMethodError': Method sun.misc.Unsafe.defineClass(Ljava/lang/String;[BII)Ljava/lang/Class; name or signature does not match> (0x0000000780707cc0) thrown at [D:\re\workspace\8-2-build-windows-amd64-cygwin\jdk8u92\6642\hotspot\sr[e ´¥≠ñ?
Event: 0.022 Thread 0x000000000128e800 Exception <a 'java/lang/NoSuchMethodError': Method sun.misc.Unsafe.prefetchRead(Ljava/lang/Object;J)V name or signature does not match> (0x0000000780707fa8) thrown at [D:\re\workspace\8-2-build-windows-amd64-cygwin\jdk8u92\6642\hotspot\src\share\vm\prims\j˝§∏èÙ∫ƒ?
Event: 0.162 Thread 0x000000000128e800 Exception <a 'java/security/PrivilegedActionException'> (0x0000000780a714e8) thrown at [D:\re\workspace\8-2-build-windows-amd64-cygwin\jdk8u92\6642\hotspot\src\share\vm\prims\jvm.cpp, line 1386]
Event: 0.162 Thread 0x000000000128e800 Exception <a 'java/security/PrivilegedActionException'> (0x0000000780a716f8) thrown at [D:\re\workspace\8-2-build-windows-amd64-cygwin\jdk8u92\6642\hotspot\src\share\vm\prims\jvm.cpp, line 1386]
Event: 0.162 Thread 0x000000000128e800 Exception <a 'java/security/PrivilegedActionException'> (0x0000000780a752a0) thrown at [D:\re\workspace\8-2-build-windows-amd64-cygwin\jdk8u92\6642\hotspot\src\share\vm\prims\jvm.cpp, line 1386]
Event: 0.162 Thread 0x000000000128e800 Exception <a 'java/security/PrivilegedActionException'> (0x0000000780a754b0) thrown at [D:\re\workspace\8-2-build-windows-amd64-cygwin\jdk8u92\6642\hotspot\src\share\vm\prims\jvm.cpp, line 1386]
Event: 0.330 Thread 0x000000000128e800 Exception <a 'java/lang/NoSuchFieldError': method resolution failed> (0x0000000780c73918) thrown at [D:\re\workspace\8-2-build-windows-amd64-cygwin\jdk8u92\6642\hotspot\src\share\vm\prims\methodHandles.cpp, line 1146]
Event: 0.334 Thread 0x000000000128e800 Exception <a 'java/lang/NoSuchFieldError': method resolution failed> (0x0000000780c80c98) thrown at [D:\re\workspace\8-2-build-windows-amd64-cygwin\jdk8u92\6642\hotspot\src\share\vm\prims\methodHandles.cpp, line 1146]

Events (10 events):
Event: 0.542 Thread 0x000000000128e800 DEOPT PACKING pc=0x0000000002d1a21c sp=0x0000000002ace0b0
Event: 0.542 Thread 0x000000000128e800 DEOPT UNPACKING pc=0x0000000002c1787f sp=0x0000000002acded0 mode 1
Event: 0.548 loading class org/lwjgl/stb/STBEasyFont
Event: 0.548 loading class org/lwjgl/stb/STBEasyFont done
Event: 0.548 Thread 0x000000000128e800 DEOPT PACKING pc=0x0000000002dbf149 sp=0x0000000002acdf20
Event: 0.548 Thread 0x000000000128e800 DEOPT UNPACKING pc=0x0000000002c1787f sp=0x0000000002acdc70 mode 1
Event: 0.548 Thread 0x000000000128e800 DEOPT PACKING pc=0x0000000002d1a484 sp=0x0000000002acdfa0
Event: 0.548 Thread 0x000000000128e800 DEOPT UNPACKING pc=0x0000000002c1787f sp=0x0000000002acddc0 mode 1
Event: 0.548 Thread 0x000000000128e800 DEOPT PACKING pc=0x0000000002d1a21c sp=0x0000000002ace130
Event: 0.548 Thread 0x000000000128e800 DEOPT UNPACKING pc=0x0000000002c1787f sp=0x0000000002acdf50 mode 1


Dynamic libraries:
0x00007ff7477d0000 - 0x00007ff747807000 	C:\Program Files\Java\jre1.8.0_92\bin\javaw.exe
0x00007ffb76830000 - 0x00007ffb76a01000 	C:\WINDOWS\SYSTEM32\ntdll.dll
0x00007ffb76070000 - 0x00007ffb7611b000 	C:\WINDOWS\System32\KERNEL32.DLL
0x00007ffb73ba0000 - 0x00007ffb73dbd000 	C:\WINDOWS\System32\KERNELBASE.dll
0x00007ffb756a0000 - 0x00007ffb75742000 	C:\WINDOWS\System32\ADVAPI32.dll
0x00007ffb75d60000 - 0x00007ffb75dfe000 	C:\WINDOWS\System32\msvcrt.dll
0x00007ffb76010000 - 0x00007ffb76069000 	C:\WINDOWS\System32\sechost.dll
0x00007ffb75750000 - 0x00007ffb75871000 	C:\WINDOWS\System32\RPCRT4.dll
0x00007ffb766a0000 - 0x00007ffb76805000 	C:\WINDOWS\System32\USER32.dll
0x00007ffb73190000 - 0x00007ffb731ae000 	C:\WINDOWS\System32\win32u.dll
0x00007ffb755f0000 - 0x00007ffb75624000 	C:\WINDOWS\System32\GDI32.dll
0x00007ffb73280000 - 0x00007ffb73402000 	C:\WINDOWS\System32\gdi32full.dll
0x00007ffb68d30000 - 0x00007ffb68fa9000 	C:\WINDOWS\WinSxS\amd64_microsoft.windows.common-controls_6595b64144ccf1df_6.0.14393.0_none_2d0f50fcbdb171b8\COMCTL32.dll
0x00007ffb75980000 - 0x00007ffb75c47000 	C:\WINDOWS\System32\combase.dll
0x00007ffb72dc0000 - 0x00007ffb72eb5000 	C:\WINDOWS\System32\ucrtbase.dll
0x00007ffb731b0000 - 0x00007ffb7321a000 	C:\WINDOWS\System32\bcryptPrimitives.dll
0x00007ffb75cc0000 - 0x00007ffb75cee000 	C:\WINDOWS\System32\IMM32.DLL
0x0000000073ca0000 - 0x0000000073d72000 	C:\Program Files\Java\jre1.8.0_92\bin\msvcr100.dll
0x0000000072e30000 - 0x00000000736c6000 	C:\Program Files\Java\jre1.8.0_92\bin\server\jvm.dll
0x00007ffb75cf0000 - 0x00007ffb75cf8000 	C:\WINDOWS\System32\PSAPI.DLL
0x00007ffb71020000 - 0x00007ffb71043000 	C:\WINDOWS\SYSTEM32\WINMM.dll
0x00007ffb61690000 - 0x00007ffb61699000 	C:\WINDOWS\SYSTEM32\WSOCK32.dll
0x00007ffb70820000 - 0x00007ffb7082a000 	C:\WINDOWS\SYSTEM32\VERSION.dll
0x00007ffb75fa0000 - 0x00007ffb7600a000 	C:\WINDOWS\System32\WS2_32.dll
0x00007ffb70ea0000 - 0x00007ffb70ecb000 	C:\WINDOWS\SYSTEM32\WINMMBASE.dll
0x00007ffb72ec0000 - 0x00007ffb72f02000 	C:\WINDOWS\System32\cfgmgr32.dll
0x0000000073e50000 - 0x0000000073e5f000 	C:\Program Files\Java\jre1.8.0_92\bin\verify.dll
0x0000000073e20000 - 0x0000000073e49000 	C:\Program Files\Java\jre1.8.0_92\bin\java.dll
0x0000000073c60000 - 0x0000000073c95000 	C:\Program Files\Java\jre1.8.0_92\bin\jdwp.dll
0x0000000073c50000 - 0x0000000073c58000 	C:\Program Files\Java\jre1.8.0_92\bin\npt.dll
0x0000000073e00000 - 0x0000000073e16000 	C:\Program Files\Java\jre1.8.0_92\bin\zip.dll
0x00007ffb73dc0000 - 0x00007ffb752c8000 	C:\WINDOWS\System32\SHELL32.dll
0x00007ffb734c0000 - 0x00007ffb73b9a000 	C:\WINDOWS\System32\windows.storage.dll
0x00007ffb72d60000 - 0x00007ffb72dac000 	C:\WINDOWS\System32\powrprof.dll
0x00007ffb75d00000 - 0x00007ffb75d52000 	C:\WINDOWS\System32\shlwapi.dll
0x00007ffb72db0000 - 0x00007ffb72dbf000 	C:\WINDOWS\System32\kernel.appcore.dll
0x00007ffb73410000 - 0x00007ffb734b9000 	C:\WINDOWS\System32\shcore.dll
0x00007ffb72d40000 - 0x00007ffb72d54000 	C:\WINDOWS\System32\profapi.dll
0x0000000073c40000 - 0x0000000073c49000 	C:\Program Files\Java\jre1.8.0_92\bin\dt_socket.dll
0x00007ffb5cbd0000 - 0x00007ffb5cbe6000 	C:\WINDOWS\system32\napinsp.dll
0x00007ffb5cbf0000 - 0x00007ffb5cc0a000 	C:\WINDOWS\system32\pnrpnsp.dll
0x00007ffb6da80000 - 0x00007ffb6da98000 	C:\WINDOWS\system32\NLAapi.dll
0x00007ffb72600000 - 0x00007ffb7265c000 	C:\WINDOWS\System32\mswsock.dll
0x00007ffb723d0000 - 0x00007ffb72470000 	C:\WINDOWS\SYSTEM32\DNSAPI.dll
0x00007ffb76690000 - 0x00007ffb76698000 	C:\WINDOWS\System32\NSI.dll
0x00007ffb72390000 - 0x00007ffb723c8000 	C:\WINDOWS\SYSTEM32\IPHLPAPI.DLL
0x00007ffb5cc10000 - 0x00007ffb5cc1e000 	C:\WINDOWS\System32\winrnr.dll
0x00000000744f0000 - 0x0000000074516000 	C:\Program Files\Bonjour\mdnsNSP.dll
0x00007ffb6ec90000 - 0x00007ffb6eca5000 	C:\WINDOWS\System32\wshbth.dll
0x00007ffb67350000 - 0x00007ffb673ba000 	C:\WINDOWS\System32\fwpuclnt.dll
0x00007ffb72bd0000 - 0x00007ffb72bfb000 	C:\WINDOWS\SYSTEM32\bcrypt.dll
0x00007ffb657b0000 - 0x00007ffb657ba000 	C:\Windows\System32\rasadhlp.dll
0x0000000073de0000 - 0x0000000073dfa000 	C:\Program Files\Java\jre1.8.0_92\bin\net.dll
0x0000000073dc0000 - 0x0000000073dd1000 	C:\Program Files\Java\jre1.8.0_92\bin\nio.dll
0x00007ffb5b700000 - 0x00007ffb5b789000 	D:\Projects\DnDGame\DnDGame\lwjgl 3\native\lwjgl.dll
0x00007ffb727a0000 - 0x00007ffb727ab000 	C:\WINDOWS\SYSTEM32\CRYPTBASE.DLL
0x00007ffb58a30000 - 0x00007ffb58a72000 	D:\Projects\DnDGame\DnDGame\lwjgl 3\native\jemalloc.dll
0x00007ffb68fd0000 - 0x00007ffb69008000 	D:\Projects\DnDGame\DnDGame\lwjgl 3\native\glfw.dll
0x00007ffb71520000 - 0x00007ffb715b5000 	C:\WINDOWS\system32\uxtheme.dll
0x00007ffb708d0000 - 0x00007ffb708f6000 	C:\WINDOWS\SYSTEM32\dwmapi.dll
0x00007ffb58a80000 - 0x00007ffb58ba3000 	C:\WINDOWS\SYSTEM32\opengl32.dll
0x00007ffb66420000 - 0x00007ffb6644d000 	C:\WINDOWS\SYSTEM32\GLU32.dll
0x00007ffb58570000 - 0x00007ffb58667000 	C:\WINDOWS\SYSTEM32\DDRAW.dll
0x00007ffb6feb0000 - 0x00007ffb6feb8000 	C:\WINDOWS\SYSTEM32\DCIMAN32.dll
0x00007ffb75370000 - 0x00007ffb754cb000 	C:\WINDOWS\System32\MSCTF.dll
0x00007ffb754d0000 - 0x00007ffb7558c000 	C:\WINDOWS\System32\OLEAUT32.dll
0x00007ffb35d20000 - 0x00007ffb36858000 	C:\WINDOWS\SYSTEM32\ig75icd64.dll
0x00007ffb6a010000 - 0x00007ffb6aa43000 	C:\WINDOWS\SYSTEM32\igdusc64.dll
0x00007ffb708b0000 - 0x00007ffb708c3000 	C:\WINDOWS\SYSTEM32\WTSAPI32.dll
0x00007ffb6fd10000 - 0x00007ffb6fea2000 	C:\WINDOWS\SYSTEM32\dbghelp.dll

VM Arguments:
jvm_args: -agentlib:jdwp=transport=dt_socket,suspend=y,address=localhost:51392 -Djava.library.path=D:\Projects\DnDGame\DnDGame\lwjgl 3\native -Dfile.encoding=Cp1252 
java_command: com.fhbgds.dndgame.DnDGame
java_class_path (initial): D:\Projects\DnDGame\DnDGame\bin;D:\Projects\DnDGame\DnDGame\lwjgl 3\jar\lwjgl.jar;D:\Projects\DnDGame\DnDGame\PNGDecoder.jar
Launcher Type: SUN_STANDARD

Environment Variables:
JAVA_HOME=C:\Program Files\Java\jdk1.8.0_66
PATH=C:/Program Files/Java/jre1.8.0_92/bin/server;C:/Program Files/Java/jre1.8.0_92/bin;C:/Program Files/Java/jre1.8.0_92/lib/amd64;C:\ProgramData\Oracle\Java\javapath;C:\Program Files\NVIDIA GPU Computing Toolkit\CUDA\v7.0\bin;C:\Program Files\NVIDIA GPU Computing Toolkit\CUDA\v7.0\libnvvp;C:\Program Files (x86)\Intel\iCLS Client\;C:\Program Files\Intel\iCLS Client\;C:\Windows\system32;C:\Windows;C:\Windows\System32\Wbem;C:\Windows\System32\WindowsPowerShell\v1.0\;C:\Program Files (x86)\Windows Live\Shared;C:\Program Files\Microsoft SQL Server\110\Tools\Binn\;C:\Program Files (x86)\Microsoft SDKs\TypeScript\1.0\;C:\Program Files\Microsoft SQL Server\120\Tools\Binn\;C:\Program Files (x86)\Skype\Phone\;C:\Program Files (x86)\QuickTime\QTSystem\;C:\Program Files (x86)\OpenSSH\bin;C:\HashiCorp\Vagrant\bin;C:\WINDOWS\system32;C:\WINDOWS;C:\WINDOWS\System32\Wbem;C:\WINDOWS\System32\WindowsPowerShell\v1.0\;C:\Program Files (x86)\NVIDIA Corporation\PhysX\Common;C:\WINDOWS\system32;C:\WINDOWS;C:\WINDOWS\System32\Wbem;C:\WINDOWS\System32\WindowsPowerShell\v1.0\;C:\Program Files\Intel\WiFi\bin\;C:\Program Files\Common Files\Intel\WirelessCommon\;C:\Program Files (x86)\GtkSharp\2.12\bin;C:\Program Files (x86)\Windows Kits\10\Windows Performance Toolkit\;C:\Program Files\Git\cmd;C:\Users\James\Anaconda3;C:\Users\James\Anaconda3\Scripts;C:\Program Files\Intel\WiFi\bin\;C:\Program Files\Common Files\Intel\WirelessCommon\;%USERPROFILE%\AppData\Local\Microsoft\WindowsApps;;C:\Users\James\Desktop\Eclipse\Mars\eclipse;
USERNAME=James
OS=Windows_NT
PROCESSOR_IDENTIFIER=Intel64 Family 6 Model 60 Stepping 3, GenuineIntel



---------------  S Y S T E M  ---------------

OS: Windows 10.0 , 64 bit Build 14393 (10.0.14393.0)

CPU:total 8 (4 cores per cpu, 2 threads per core) family 6 model 60 stepping 3, cmov, cx8, fxsr, mmx, sse, sse2, sse3, ssse3, sse4.1, sse4.2, popcnt, avx, avx2, aes, clmul, erms, lzcnt, ht, tsc, tscinvbit, bmi1, bmi2

Memory: 4k page, physical 12500104k(8129600k free), swap 14400648k(7801168k free)

vm_info: Java HotSpot(TM) 64-Bit Server VM (25.92-b14) for windows-amd64 JRE (1.8.0_92-b14), built on Mar 31 2016 21:03:04 by "java_re" with MS VC++ 10.0 (VS2010)

time: Wed Aug 31 08:32:13 2016
elapsed time: 2 seconds (0d 0h 0m 2s)

